SF:lib/src/api_interceptor.dart
DA:4,0
DA:6,0
DA:13,0
DA:15,0
DA:16,0
DA:17,0
DA:18,0
DA:19,0
DA:22,0
DA:24,0
DA:25,0
DA:26,0
DA:29,0
DA:31,0
DA:32,0
DA:34,0
LF:16
LH:0
end_of_record
SF:lib/src/exceptions.dart
DA:5,2
DA:9,0
DA:10,0
DA:11,0
DA:12,0
DA:13,0
DA:14,0
DA:15,0
DA:16,0
DA:17,0
DA:18,0
DA:19,0
DA:20,0
DA:21,0
DA:22,0
DA:23,0
DA:27,0
DA:33,0
DA:35,0
DA:37,0
DA:39,0
DA:41,0
DA:43,0
DA:50,0
DA:51,0
LF:25
LH:1
end_of_record
SF:lib/src/tips_and_tricks_api.dart
DA:11,1
DA:13,1
DA:14,1
DA:23,0
DA:24,0
DA:25,0
DA:26,0
DA:27,0
DA:28,0
DA:29,0
DA:41,1
DA:43,2
DA:44,1
DA:45,0
DA:51,0
DA:52,0
DA:53,0
DA:55,0
DA:57,0
DA:58,0
DA:59,0
DA:61,0
DA:64,0
DA:67,0
DA:69,0
DA:71,0
DA:74,0
DA:77,0
DA:78,0
DA:80,0
LF:30
LH:6
end_of_record
