SF:lib/app/views/app.dart
DA:7,1
DA:10,1
DA:12,1
DA:13,1
DA:15,1
DA:16,1
LF:6
LH:6
end_of_record
SF:lib/app/views/main_view.dart
DA:9,1
DA:11,1
DA:12,1
DA:18,1
DA:20,1
DA:21,1
DA:22,1
DA:24,1
DA:25,1
DA:27,0
DA:28,0
DA:29,0
DA:35,0
DA:37,0
DA:38,0
DA:39,0
DA:40,0
DA:49,1
DA:50,1
DA:52,0
DA:53,0
DA:54,0
DA:55,0
DA:65,1
DA:66,1
LF:25
LH:13
end_of_record
SF:lib/bootstrap.dart
DA:9,1
DA:13,1
DA:15,1
DA:16,1
DA:17,1
DA:18,0
DA:19,0
DA:22,1
DA:23,0
DA:24,0
DA:25,0
DA:30,1
DA:31,1
DA:32,1
DA:33,0
DA:34,0
DA:35,0
DA:40,1
LF:18
LH:10
end_of_record
SF:lib/home/view/home_page.dart
DA:7,1
DA:9,0
DA:11,0
DA:12,0
DA:13,0
DA:14,0
DA:16,0
DA:17,0
DA:22,0
DA:23,0
DA:28,0
DA:29,0
DA:30,0
DA:31,0
DA:32,0
DA:33,0
DA:34,0
LF:17
LH:1
end_of_record
SF:lib/tips/tips_bloc.dart
DA:14,0
DA:16,0
DA:23,0
DA:25,0
DA:26,0
DA:31,0
DA:35,0
DA:37,0
DA:38,0
DA:39,0
DA:40,0
DA:41,0
DA:42,0
DA:43,0
DA:45,0
LF:15
LH:0
end_of_record
